2025-07-04 15:38:37,640 [Worker-7: Loading available Gradle versions] INFO  o.e.b.c.i.u.g.PublishedGradleVersions - Gradle version information cache is not available. Remote download required.
2025-07-04 15:38:55,083 [Worker-12: Building] INFO  o.e.m.c.i.l.LifecycleMappingFactory - Using org.eclipse.m2e.jdt.JarLifecycleMapping lifecycle mapping for MavenProject: fisa:step03_MVCEmployee_t:0.0.1-SNAPSHOT @ C:\Users\1-20\Desktop\FISA_1st_mini_Project\Project\BeMyFriend\pom.xml.
2025-07-04 15:38:55,708 [Worker-12: Building] WARN  o.a.m.s.f.DefaultMavenResourcesFiltering - Using platform encoding (UTF-8 actually) to copy filtered resources, i.e. build is platform dependent!
2025-07-04 15:38:55,709 [Worker-12: Building] INFO  o.a.m.s.f.DefaultMavenResourcesFiltering - skip non existing resourceDirectory C:\Users\1-20\Desktop\FISA_1st_mini_Project\Project\BeMyFriend\src\main\resources
2025-07-04 15:38:55,719 [Worker-12: Building] WARN  o.a.m.s.f.DefaultMavenResourcesFiltering - Using platform encoding (UTF-8 actually) to copy filtered resources, i.e. build is platform dependent!
2025-07-04 15:38:55,721 [Worker-12: Building] INFO  o.a.m.s.f.DefaultMavenResourcesFiltering - skip non existing resourceDirectory C:\Users\1-20\Desktop\FISA_1st_mini_Project\Project\BeMyFriend\src\test\resources
2025-07-04 15:38:56,802 [Worker-21: Building] WARN  o.a.m.s.f.DefaultMavenResourcesFiltering - Using platform encoding (UTF-8 actually) to copy filtered resources, i.e. build is platform dependent!
2025-07-04 15:38:56,802 [Worker-21: Building] INFO  o.a.m.s.f.DefaultMavenResourcesFiltering - skip non existing resourceDirectory C:\Users\1-20\Desktop\FISA_1st_mini_Project\Project\BeMyFriend\src\main\resources
2025-07-04 15:38:56,805 [Worker-21: Building] WARN  o.a.m.s.f.DefaultMavenResourcesFiltering - Using platform encoding (UTF-8 actually) to copy filtered resources, i.e. build is platform dependent!
2025-07-04 15:38:56,806 [Worker-21: Building] INFO  o.a.m.s.f.DefaultMavenResourcesFiltering - skip non existing resourceDirectory C:\Users\1-20\Desktop\FISA_1st_mini_Project\Project\BeMyFriend\src\test\resources
2025-07-04 15:42:27,600 [Worker-12: Building] WARN  o.a.m.s.f.DefaultMavenResourcesFiltering - Using platform encoding (UTF-8 actually) to copy filtered resources, i.e. build is platform dependent!
2025-07-04 15:42:27,601 [Worker-12: Building] INFO  o.a.m.s.f.DefaultMavenResourcesFiltering - skip non existing resourceDirectory C:\Users\1-20\Desktop\FISA_1st_mini_Project\Project\BeMyFriend\src\main\resources
2025-07-04 15:42:27,603 [Worker-12: Building] WARN  o.a.m.s.f.DefaultMavenResourcesFiltering - Using platform encoding (UTF-8 actually) to copy filtered resources, i.e. build is platform dependent!
2025-07-04 15:42:27,603 [Worker-12: Building] INFO  o.a.m.s.f.DefaultMavenResourcesFiltering - skip non existing resourceDirectory C:\Users\1-20\Desktop\FISA_1st_mini_Project\Project\BeMyFriend\src\test\resources
2025-07-04 15:42:35,456 [Worker-31: Building] WARN  o.a.m.s.f.DefaultMavenResourcesFiltering - Using platform encoding (UTF-8 actually) to copy filtered resources, i.e. build is platform dependent!
2025-07-04 15:42:35,456 [Worker-31: Building] INFO  o.a.m.s.f.DefaultMavenResourcesFiltering - skip non existing resourceDirectory C:\Users\1-20\Desktop\FISA_1st_mini_Project\Project\BeMyFriend\src\main\resources
2025-07-04 15:42:35,458 [Worker-31: Building] WARN  o.a.m.s.f.DefaultMavenResourcesFiltering - Using platform encoding (UTF-8 actually) to copy filtered resources, i.e. build is platform dependent!
2025-07-04 15:42:35,460 [Worker-31: Building] INFO  o.a.m.s.f.DefaultMavenResourcesFiltering - skip non existing resourceDirectory C:\Users\1-20\Desktop\FISA_1st_mini_Project\Project\BeMyFriend\src\test\resources
2025-07-04 15:42:41,428 [Worker-30: Building] WARN  o.a.m.s.f.DefaultMavenResourcesFiltering - Using platform encoding (UTF-8 actually) to copy filtered resources, i.e. build is platform dependent!
2025-07-04 15:42:41,429 [Worker-30: Building] INFO  o.a.m.s.f.DefaultMavenResourcesFiltering - skip non existing resourceDirectory C:\Users\1-20\Desktop\FISA_1st_mini_Project\Project\BeMyFriend\src\main\resources
2025-07-04 15:42:41,432 [Worker-30: Building] WARN  o.a.m.s.f.DefaultMavenResourcesFiltering - Using platform encoding (UTF-8 actually) to copy filtered resources, i.e. build is platform dependent!
2025-07-04 15:42:41,432 [Worker-30: Building] INFO  o.a.m.s.f.DefaultMavenResourcesFiltering - skip non existing resourceDirectory C:\Users\1-20\Desktop\FISA_1st_mini_Project\Project\BeMyFriend\src\test\resources
2025-07-04 15:43:38,819 [Worker-12: Building] WARN  o.a.m.s.f.DefaultMavenResourcesFiltering - Using platform encoding (UTF-8 actually) to copy filtered resources, i.e. build is platform dependent!
2025-07-04 15:43:38,820 [Worker-12: Building] INFO  o.a.m.s.f.DefaultMavenResourcesFiltering - skip non existing resourceDirectory C:\Users\1-20\Desktop\FISA_1st_mini_Project\Project\BeMyFriend\src\main\resources
2025-07-04 15:43:38,823 [Worker-12: Building] WARN  o.a.m.s.f.DefaultMavenResourcesFiltering - Using platform encoding (UTF-8 actually) to copy filtered resources, i.e. build is platform dependent!
2025-07-04 15:43:38,824 [Worker-12: Building] INFO  o.a.m.s.f.DefaultMavenResourcesFiltering - skip non existing resourceDirectory C:\Users\1-20\Desktop\FISA_1st_mini_Project\Project\BeMyFriend\src\test\resources
2025-07-04 15:44:35,693 [Worker-30: Building] WARN  o.a.m.s.f.DefaultMavenResourcesFiltering - Using platform encoding (UTF-8 actually) to copy filtered resources, i.e. build is platform dependent!
2025-07-04 15:44:35,694 [Worker-30: Building] INFO  o.a.m.s.f.DefaultMavenResourcesFiltering - skip non existing resourceDirectory C:\Users\1-20\Desktop\FISA_1st_mini_Project\Project\BeMyFriend\src\main\resources
2025-07-04 15:44:35,697 [Worker-30: Building] WARN  o.a.m.s.f.DefaultMavenResourcesFiltering - Using platform encoding (UTF-8 actually) to copy filtered resources, i.e. build is platform dependent!
2025-07-04 15:44:35,698 [Worker-30: Building] INFO  o.a.m.s.f.DefaultMavenResourcesFiltering - skip non existing resourceDirectory C:\Users\1-20\Desktop\FISA_1st_mini_Project\Project\BeMyFriend\src\test\resources
2025-07-04 15:47:30,683 [Worker-24: Building] WARN  o.a.m.s.f.DefaultMavenResourcesFiltering - Using platform encoding (UTF-8 actually) to copy filtered resources, i.e. build is platform dependent!
2025-07-04 15:47:30,684 [Worker-24: Building] INFO  o.a.m.s.f.DefaultMavenResourcesFiltering - skip non existing resourceDirectory C:\Users\1-20\Desktop\FISA_1st_mini_Project\Project\BeMyFriend\src\main\resources
2025-07-04 15:47:30,686 [Worker-24: Building] WARN  o.a.m.s.f.DefaultMavenResourcesFiltering - Using platform encoding (UTF-8 actually) to copy filtered resources, i.e. build is platform dependent!
2025-07-04 15:47:30,687 [Worker-24: Building] INFO  o.a.m.s.f.DefaultMavenResourcesFiltering - skip non existing resourceDirectory C:\Users\1-20\Desktop\FISA_1st_mini_Project\Project\BeMyFriend\src\test\resources
2025-07-04 15:47:34,283 [Worker-12: Building] WARN  o.a.m.s.f.DefaultMavenResourcesFiltering - Using platform encoding (UTF-8 actually) to copy filtered resources, i.e. build is platform dependent!
2025-07-04 15:47:34,284 [Worker-12: Building] INFO  o.a.m.s.f.DefaultMavenResourcesFiltering - skip non existing resourceDirectory C:\Users\1-20\Desktop\FISA_1st_mini_Project\Project\BeMyFriend\src\main\resources
2025-07-04 15:47:34,285 [Worker-12: Building] WARN  o.a.m.s.f.DefaultMavenResourcesFiltering - Using platform encoding (UTF-8 actually) to copy filtered resources, i.e. build is platform dependent!
2025-07-04 15:47:34,286 [Worker-12: Building] INFO  o.a.m.s.f.DefaultMavenResourcesFiltering - skip non existing resourceDirectory C:\Users\1-20\Desktop\FISA_1st_mini_Project\Project\BeMyFriend\src\test\resources
2025-07-04 15:50:36,477 [Worker-35: Building] WARN  o.a.m.s.f.DefaultMavenResourcesFiltering - Using platform encoding (UTF-8 actually) to copy filtered resources, i.e. build is platform dependent!
2025-07-04 15:50:36,477 [Worker-35: Building] INFO  o.a.m.s.f.DefaultMavenResourcesFiltering - skip non existing resourceDirectory C:\Users\1-20\Desktop\FISA_1st_mini_Project\Project\BeMyFriend\src\main\resources
2025-07-04 15:50:36,479 [Worker-35: Building] WARN  o.a.m.s.f.DefaultMavenResourcesFiltering - Using platform encoding (UTF-8 actually) to copy filtered resources, i.e. build is platform dependent!
2025-07-04 15:50:36,479 [Worker-35: Building] INFO  o.a.m.s.f.DefaultMavenResourcesFiltering - skip non existing resourceDirectory C:\Users\1-20\Desktop\FISA_1st_mini_Project\Project\BeMyFriend\src\test\resources
2025-07-04 15:51:24,829 [Worker-36: Building] WARN  o.a.m.s.f.DefaultMavenResourcesFiltering - Using platform encoding (UTF-8 actually) to copy filtered resources, i.e. build is platform dependent!
2025-07-04 15:51:24,829 [Worker-36: Building] INFO  o.a.m.s.f.DefaultMavenResourcesFiltering - skip non existing resourceDirectory C:\Users\1-20\Desktop\FISA_1st_mini_Project\Project\BeMyFriend\src\main\resources
2025-07-04 15:51:24,832 [Worker-36: Building] WARN  o.a.m.s.f.DefaultMavenResourcesFiltering - Using platform encoding (UTF-8 actually) to copy filtered resources, i.e. build is platform dependent!
2025-07-04 15:51:24,834 [Worker-36: Building] INFO  o.a.m.s.f.DefaultMavenResourcesFiltering - skip non existing resourceDirectory C:\Users\1-20\Desktop\FISA_1st_mini_Project\Project\BeMyFriend\src\test\resources
2025-07-04 15:54:40,987 [Worker-34: Building] WARN  o.a.m.s.f.DefaultMavenResourcesFiltering - Using platform encoding (UTF-8 actually) to copy filtered resources, i.e. build is platform dependent!
2025-07-04 15:54:40,988 [Worker-34: Building] INFO  o.a.m.s.f.DefaultMavenResourcesFiltering - skip non existing resourceDirectory C:\Users\1-20\Desktop\FISA_1st_mini_Project\Project\BeMyFriend\src\main\resources
2025-07-04 15:54:40,989 [Worker-34: Building] WARN  o.a.m.s.f.DefaultMavenResourcesFiltering - Using platform encoding (UTF-8 actually) to copy filtered resources, i.e. build is platform dependent!
2025-07-04 15:54:40,990 [Worker-34: Building] INFO  o.a.m.s.f.DefaultMavenResourcesFiltering - skip non existing resourceDirectory C:\Users\1-20\Desktop\FISA_1st_mini_Project\Project\BeMyFriend\src\test\resources
2025-07-04 16:01:06,447 [Worker-35: Building] WARN  o.a.m.s.f.DefaultMavenResourcesFiltering - Using platform encoding (UTF-8 actually) to copy filtered resources, i.e. build is platform dependent!
2025-07-04 16:01:06,448 [Worker-35: Building] INFO  o.a.m.s.f.DefaultMavenResourcesFiltering - skip non existing resourceDirectory C:\Users\1-20\Desktop\FISA_1st_mini_Project\Project\BeMyFriend\src\main\resources
2025-07-04 16:01:06,448 [Worker-35: Building] WARN  o.a.m.s.f.DefaultMavenResourcesFiltering - Using platform encoding (UTF-8 actually) to copy filtered resources, i.e. build is platform dependent!
2025-07-04 16:01:06,450 [Worker-35: Building] INFO  o.a.m.s.f.DefaultMavenResourcesFiltering - skip non existing resourceDirectory C:\Users\1-20\Desktop\FISA_1st_mini_Project\Project\BeMyFriend\src\test\resources
2025-07-04 16:08:38,828 [Worker-43: Building] WARN  o.a.m.s.f.DefaultMavenResourcesFiltering - Using platform encoding (UTF-8 actually) to copy filtered resources, i.e. build is platform dependent!
2025-07-04 16:08:38,828 [Worker-43: Building] INFO  o.a.m.s.f.DefaultMavenResourcesFiltering - skip non existing resourceDirectory C:\Users\1-20\Desktop\FISA_1st_mini_Project\Project\BeMyFriend\src\main\resources
2025-07-04 16:08:38,829 [Worker-43: Building] WARN  o.a.m.s.f.DefaultMavenResourcesFiltering - Using platform encoding (UTF-8 actually) to copy filtered resources, i.e. build is platform dependent!
2025-07-04 16:08:38,830 [Worker-43: Building] INFO  o.a.m.s.f.DefaultMavenResourcesFiltering - skip non existing resourceDirectory C:\Users\1-20\Desktop\FISA_1st_mini_Project\Project\BeMyFriend\src\test\resources
2025-07-04 16:09:00,133 [Worker-38: Building] WARN  o.a.m.s.f.DefaultMavenResourcesFiltering - Using platform encoding (UTF-8 actually) to copy filtered resources, i.e. build is platform dependent!
2025-07-04 16:09:00,134 [Worker-38: Building] INFO  o.a.m.s.f.DefaultMavenResourcesFiltering - skip non existing resourceDirectory C:\Users\1-20\Desktop\FISA_1st_mini_Project\Project\BeMyFriend\src\main\resources
2025-07-04 16:09:00,136 [Worker-38: Building] WARN  o.a.m.s.f.DefaultMavenResourcesFiltering - Using platform encoding (UTF-8 actually) to copy filtered resources, i.e. build is platform dependent!
2025-07-04 16:09:00,136 [Worker-38: Building] INFO  o.a.m.s.f.DefaultMavenResourcesFiltering - skip non existing resourceDirectory C:\Users\1-20\Desktop\FISA_1st_mini_Project\Project\BeMyFriend\src\test\resources
2025-07-04 16:09:34,271 [Worker-45: Building] WARN  o.a.m.s.f.DefaultMavenResourcesFiltering - Using platform encoding (UTF-8 actually) to copy filtered resources, i.e. build is platform dependent!
2025-07-04 16:09:34,271 [Worker-45: Building] INFO  o.a.m.s.f.DefaultMavenResourcesFiltering - skip non existing resourceDirectory C:\Users\1-20\Desktop\FISA_1st_mini_Project\Project\BeMyFriend\src\main\resources
2025-07-04 16:09:34,273 [Worker-45: Building] WARN  o.a.m.s.f.DefaultMavenResourcesFiltering - Using platform encoding (UTF-8 actually) to copy filtered resources, i.e. build is platform dependent!
2025-07-04 16:09:34,273 [Worker-45: Building] INFO  o.a.m.s.f.DefaultMavenResourcesFiltering - skip non existing resourceDirectory C:\Users\1-20\Desktop\FISA_1st_mini_Project\Project\BeMyFriend\src\test\resources
2025-07-04 16:12:55,017 [Worker-43: Building] WARN  o.a.m.s.f.DefaultMavenResourcesFiltering - Using platform encoding (UTF-8 actually) to copy filtered resources, i.e. build is platform dependent!
2025-07-04 16:12:55,018 [Worker-43: Building] INFO  o.a.m.s.f.DefaultMavenResourcesFiltering - skip non existing resourceDirectory C:\Users\1-20\Desktop\FISA_1st_mini_Project\Project\BeMyFriend\src\main\resources
2025-07-04 16:12:55,019 [Worker-43: Building] WARN  o.a.m.s.f.DefaultMavenResourcesFiltering - Using platform encoding (UTF-8 actually) to copy filtered resources, i.e. build is platform dependent!
2025-07-04 16:12:55,019 [Worker-43: Building] INFO  o.a.m.s.f.DefaultMavenResourcesFiltering - skip non existing resourceDirectory C:\Users\1-20\Desktop\FISA_1st_mini_Project\Project\BeMyFriend\src\test\resources
2025-07-04 16:13:25,634 [Worker-46: Building] WARN  o.a.m.s.f.DefaultMavenResourcesFiltering - Using platform encoding (UTF-8 actually) to copy filtered resources, i.e. build is platform dependent!
2025-07-04 16:13:25,635 [Worker-46: Building] INFO  o.a.m.s.f.DefaultMavenResourcesFiltering - skip non existing resourceDirectory C:\Users\1-20\Desktop\FISA_1st_mini_Project\Project\BeMyFriend\src\main\resources
2025-07-04 16:13:25,639 [Worker-46: Building] WARN  o.a.m.s.f.DefaultMavenResourcesFiltering - Using platform encoding (UTF-8 actually) to copy filtered resources, i.e. build is platform dependent!
2025-07-04 16:13:25,640 [Worker-46: Building] INFO  o.a.m.s.f.DefaultMavenResourcesFiltering - skip non existing resourceDirectory C:\Users\1-20\Desktop\FISA_1st_mini_Project\Project\BeMyFriend\src\test\resources
2025-07-04 16:13:46,252 [Worker-38: Building] WARN  o.a.m.s.f.DefaultMavenResourcesFiltering - Using platform encoding (UTF-8 actually) to copy filtered resources, i.e. build is platform dependent!
2025-07-04 16:13:46,253 [Worker-38: Building] INFO  o.a.m.s.f.DefaultMavenResourcesFiltering - skip non existing resourceDirectory C:\Users\1-20\Desktop\FISA_1st_mini_Project\Project\BeMyFriend\src\main\resources
2025-07-04 16:13:46,255 [Worker-38: Building] WARN  o.a.m.s.f.DefaultMavenResourcesFiltering - Using platform encoding (UTF-8 actually) to copy filtered resources, i.e. build is platform dependent!
2025-07-04 16:13:46,255 [Worker-38: Building] INFO  o.a.m.s.f.DefaultMavenResourcesFiltering - skip non existing resourceDirectory C:\Users\1-20\Desktop\FISA_1st_mini_Project\Project\BeMyFriend\src\test\resources
2025-07-04 16:15:05,894 [Worker-38: Building] WARN  o.a.m.s.f.DefaultMavenResourcesFiltering - Using platform encoding (UTF-8 actually) to copy filtered resources, i.e. build is platform dependent!
2025-07-04 16:15:05,896 [Worker-38: Building] INFO  o.a.m.s.f.DefaultMavenResourcesFiltering - skip non existing resourceDirectory C:\Users\1-20\Desktop\FISA_1st_mini_Project\Project\BeMyFriend\src\main\resources
2025-07-04 16:15:05,898 [Worker-38: Building] WARN  o.a.m.s.f.DefaultMavenResourcesFiltering - Using platform encoding (UTF-8 actually) to copy filtered resources, i.e. build is platform dependent!
2025-07-04 16:15:05,899 [Worker-38: Building] INFO  o.a.m.s.f.DefaultMavenResourcesFiltering - skip non existing resourceDirectory C:\Users\1-20\Desktop\FISA_1st_mini_Project\Project\BeMyFriend\src\test\resources
2025-07-04 16:15:33,922 [Worker-43: Building] WARN  o.a.m.s.f.DefaultMavenResourcesFiltering - Using platform encoding (UTF-8 actually) to copy filtered resources, i.e. build is platform dependent!
2025-07-04 16:15:33,923 [Worker-43: Building] INFO  o.a.m.s.f.DefaultMavenResourcesFiltering - skip non existing resourceDirectory C:\Users\1-20\Desktop\FISA_1st_mini_Project\Project\BeMyFriend\src\main\resources
2025-07-04 16:15:33,929 [Worker-43: Building] WARN  o.a.m.s.f.DefaultMavenResourcesFiltering - Using platform encoding (UTF-8 actually) to copy filtered resources, i.e. build is platform dependent!
2025-07-04 16:15:33,930 [Worker-43: Building] INFO  o.a.m.s.f.DefaultMavenResourcesFiltering - skip non existing resourceDirectory C:\Users\1-20\Desktop\FISA_1st_mini_Project\Project\BeMyFriend\src\test\resources
2025-07-04 16:15:41,683 [Worker-48: Building] WARN  o.a.m.s.f.DefaultMavenResourcesFiltering - Using platform encoding (UTF-8 actually) to copy filtered resources, i.e. build is platform dependent!
2025-07-04 16:15:41,685 [Worker-48: Building] INFO  o.a.m.s.f.DefaultMavenResourcesFiltering - skip non existing resourceDirectory C:\Users\1-20\Desktop\FISA_1st_mini_Project\Project\BeMyFriend\src\main\resources
2025-07-04 16:15:41,690 [Worker-48: Building] WARN  o.a.m.s.f.DefaultMavenResourcesFiltering - Using platform encoding (UTF-8 actually) to copy filtered resources, i.e. build is platform dependent!
2025-07-04 16:15:41,692 [Worker-48: Building] INFO  o.a.m.s.f.DefaultMavenResourcesFiltering - skip non existing resourceDirectory C:\Users\1-20\Desktop\FISA_1st_mini_Project\Project\BeMyFriend\src\test\resources
2025-07-04 16:16:17,462 [Worker-43: Building] WARN  o.a.m.s.f.DefaultMavenResourcesFiltering - Using platform encoding (UTF-8 actually) to copy filtered resources, i.e. build is platform dependent!
2025-07-04 16:16:17,464 [Worker-43: Building] INFO  o.a.m.s.f.DefaultMavenResourcesFiltering - skip non existing resourceDirectory C:\Users\1-20\Desktop\FISA_1st_mini_Project\Project\BeMyFriend\src\main\resources
2025-07-04 16:16:17,465 [Worker-43: Building] WARN  o.a.m.s.f.DefaultMavenResourcesFiltering - Using platform encoding (UTF-8 actually) to copy filtered resources, i.e. build is platform dependent!
2025-07-04 16:16:17,465 [Worker-43: Building] INFO  o.a.m.s.f.DefaultMavenResourcesFiltering - skip non existing resourceDirectory C:\Users\1-20\Desktop\FISA_1st_mini_Project\Project\BeMyFriend\src\test\resources
2025-07-04 16:16:45,109 [Worker-46: Building] WARN  o.a.m.s.f.DefaultMavenResourcesFiltering - Using platform encoding (UTF-8 actually) to copy filtered resources, i.e. build is platform dependent!
2025-07-04 16:16:45,113 [Worker-46: Building] INFO  o.a.m.s.f.DefaultMavenResourcesFiltering - skip non existing resourceDirectory C:\Users\1-20\Desktop\FISA_1st_mini_Project\Project\BeMyFriend\src\main\resources
2025-07-04 16:16:45,119 [Worker-46: Building] WARN  o.a.m.s.f.DefaultMavenResourcesFiltering - Using platform encoding (UTF-8 actually) to copy filtered resources, i.e. build is platform dependent!
2025-07-04 16:16:45,122 [Worker-46: Building] INFO  o.a.m.s.f.DefaultMavenResourcesFiltering - skip non existing resourceDirectory C:\Users\1-20\Desktop\FISA_1st_mini_Project\Project\BeMyFriend\src\test\resources
2025-07-04 16:17:06,716 [Worker-43: Building] WARN  o.a.m.s.f.DefaultMavenResourcesFiltering - Using platform encoding (UTF-8 actually) to copy filtered resources, i.e. build is platform dependent!
2025-07-04 16:17:06,717 [Worker-43: Building] INFO  o.a.m.s.f.DefaultMavenResourcesFiltering - skip non existing resourceDirectory C:\Users\1-20\Desktop\FISA_1st_mini_Project\Project\BeMyFriend\src\main\resources
2025-07-04 16:17:06,719 [Worker-43: Building] WARN  o.a.m.s.f.DefaultMavenResourcesFiltering - Using platform encoding (UTF-8 actually) to copy filtered resources, i.e. build is platform dependent!
2025-07-04 16:17:06,719 [Worker-43: Building] INFO  o.a.m.s.f.DefaultMavenResourcesFiltering - skip non existing resourceDirectory C:\Users\1-20\Desktop\FISA_1st_mini_Project\Project\BeMyFriend\src\test\resources
2025-07-04 16:18:39,156 [Worker-53: Building] WARN  o.a.m.s.f.DefaultMavenResourcesFiltering - Using platform encoding (UTF-8 actually) to copy filtered resources, i.e. build is platform dependent!
2025-07-04 16:18:39,156 [Worker-53: Building] INFO  o.a.m.s.f.DefaultMavenResourcesFiltering - skip non existing resourceDirectory C:\Users\1-20\Desktop\FISA_1st_mini_Project\Project\BeMyFriend\src\main\resources
2025-07-04 16:18:39,158 [Worker-53: Building] WARN  o.a.m.s.f.DefaultMavenResourcesFiltering - Using platform encoding (UTF-8 actually) to copy filtered resources, i.e. build is platform dependent!
2025-07-04 16:18:39,159 [Worker-53: Building] INFO  o.a.m.s.f.DefaultMavenResourcesFiltering - skip non existing resourceDirectory C:\Users\1-20\Desktop\FISA_1st_mini_Project\Project\BeMyFriend\src\test\resources
2025-07-04 16:21:16,667 [Worker-51: Building] WARN  o.a.m.s.f.DefaultMavenResourcesFiltering - Using platform encoding (UTF-8 actually) to copy filtered resources, i.e. build is platform dependent!
2025-07-04 16:21:16,667 [Worker-51: Building] INFO  o.a.m.s.f.DefaultMavenResourcesFiltering - skip non existing resourceDirectory C:\Users\1-20\Desktop\FISA_1st_mini_Project\Project\BeMyFriend\src\main\resources
2025-07-04 16:21:16,668 [Worker-51: Building] WARN  o.a.m.s.f.DefaultMavenResourcesFiltering - Using platform encoding (UTF-8 actually) to copy filtered resources, i.e. build is platform dependent!
2025-07-04 16:21:16,669 [Worker-51: Building] INFO  o.a.m.s.f.DefaultMavenResourcesFiltering - skip non existing resourceDirectory C:\Users\1-20\Desktop\FISA_1st_mini_Project\Project\BeMyFriend\src\test\resources
2025-07-04 16:21:25,534 [Worker-54: Launching StartView] WARN  o.a.m.s.f.DefaultMavenResourcesFiltering - Using platform encoding (UTF-8 actually) to copy filtered resources, i.e. build is platform dependent!
2025-07-04 16:21:25,536 [Worker-54: Launching StartView] INFO  o.a.m.s.f.DefaultMavenResourcesFiltering - skip non existing resourceDirectory C:\Users\1-20\Desktop\FISA_1st_mini_Project\Project\BeMyFriend\src\main\resources
2025-07-04 16:21:25,537 [Worker-54: Launching StartView] WARN  o.a.m.s.f.DefaultMavenResourcesFiltering - Using platform encoding (UTF-8 actually) to copy filtered resources, i.e. build is platform dependent!
2025-07-04 16:21:25,538 [Worker-54: Launching StartView] INFO  o.a.m.s.f.DefaultMavenResourcesFiltering - skip non existing resourceDirectory C:\Users\1-20\Desktop\FISA_1st_mini_Project\Project\BeMyFriend\src\test\resources
2025-07-04 16:21:52,844 [Worker-47: Building] WARN  o.a.m.s.f.DefaultMavenResourcesFiltering - Using platform encoding (UTF-8 actually) to copy filtered resources, i.e. build is platform dependent!
2025-07-04 16:21:52,846 [Worker-47: Building] INFO  o.a.m.s.f.DefaultMavenResourcesFiltering - skip non existing resourceDirectory C:\Users\1-20\Desktop\FISA_1st_mini_Project\Project\BeMyFriend\src\main\resources
2025-07-04 16:21:52,849 [Worker-47: Building] WARN  o.a.m.s.f.DefaultMavenResourcesFiltering - Using platform encoding (UTF-8 actually) to copy filtered resources, i.e. build is platform dependent!
2025-07-04 16:21:52,851 [Worker-47: Building] INFO  o.a.m.s.f.DefaultMavenResourcesFiltering - skip non existing resourceDirectory C:\Users\1-20\Desktop\FISA_1st_mini_Project\Project\BeMyFriend\src\test\resources
2025-07-04 16:22:05,944 [Worker-48: Building] WARN  o.a.m.s.f.DefaultMavenResourcesFiltering - Using platform encoding (UTF-8 actually) to copy filtered resources, i.e. build is platform dependent!
2025-07-04 16:22:05,945 [Worker-48: Building] INFO  o.a.m.s.f.DefaultMavenResourcesFiltering - skip non existing resourceDirectory C:\Users\1-20\Desktop\FISA_1st_mini_Project\Project\BeMyFriend\src\main\resources
2025-07-04 16:22:05,948 [Worker-48: Building] WARN  o.a.m.s.f.DefaultMavenResourcesFiltering - Using platform encoding (UTF-8 actually) to copy filtered resources, i.e. build is platform dependent!
2025-07-04 16:22:05,949 [Worker-48: Building] INFO  o.a.m.s.f.DefaultMavenResourcesFiltering - skip non existing resourceDirectory C:\Users\1-20\Desktop\FISA_1st_mini_Project\Project\BeMyFriend\src\test\resources
2025-07-04 16:29:28,700 [Worker-49: Building] WARN  o.a.m.s.f.DefaultMavenResourcesFiltering - Using platform encoding (UTF-8 actually) to copy filtered resources, i.e. build is platform dependent!
2025-07-04 16:29:28,702 [Worker-49: Building] INFO  o.a.m.s.f.DefaultMavenResourcesFiltering - skip non existing resourceDirectory C:\Users\1-20\Desktop\FISA_1st_mini_Project\Project\BeMyFriend\src\main\resources
2025-07-04 16:29:28,703 [Worker-49: Building] WARN  o.a.m.s.f.DefaultMavenResourcesFiltering - Using platform encoding (UTF-8 actually) to copy filtered resources, i.e. build is platform dependent!
2025-07-04 16:29:28,703 [Worker-49: Building] INFO  o.a.m.s.f.DefaultMavenResourcesFiltering - skip non existing resourceDirectory C:\Users\1-20\Desktop\FISA_1st_mini_Project\Project\BeMyFriend\src\test\resources
2025-07-04 16:33:58,615 [Worker-47: Building] WARN  o.a.m.s.f.DefaultMavenResourcesFiltering - Using platform encoding (UTF-8 actually) to copy filtered resources, i.e. build is platform dependent!
2025-07-04 16:33:58,616 [Worker-47: Building] INFO  o.a.m.s.f.DefaultMavenResourcesFiltering - skip non existing resourceDirectory C:\Users\1-20\Desktop\FISA_1st_mini_Project\Project\BeMyFriend\src\main\resources
2025-07-04 16:33:58,619 [Worker-47: Building] WARN  o.a.m.s.f.DefaultMavenResourcesFiltering - Using platform encoding (UTF-8 actually) to copy filtered resources, i.e. build is platform dependent!
2025-07-04 16:33:58,620 [Worker-47: Building] INFO  o.a.m.s.f.DefaultMavenResourcesFiltering - skip non existing resourceDirectory C:\Users\1-20\Desktop\FISA_1st_mini_Project\Project\BeMyFriend\src\test\resources
2025-07-04 16:54:02,313 [Worker-51: Building] ERROR o.e.m.c.i.URLConnectionCaches - Unexpected URLConnection defaultUseCaches enabled
2025-07-04 16:54:02,322 [Worker-51: Building] WARN  o.a.m.s.f.DefaultMavenResourcesFiltering - Using platform encoding (UTF-8 actually) to copy filtered resources, i.e. build is platform dependent!
2025-07-04 16:54:02,323 [Worker-51: Building] INFO  o.a.m.s.f.DefaultMavenResourcesFiltering - skip non existing resourceDirectory C:\Users\1-20\Desktop\FISA_1st_mini_Project\Project\BeMyFriend\src\main\resources
2025-07-04 16:54:02,326 [Worker-51: Building] WARN  o.a.m.s.f.DefaultMavenResourcesFiltering - Using platform encoding (UTF-8 actually) to copy filtered resources, i.e. build is platform dependent!
2025-07-04 16:54:02,326 [Worker-51: Building] INFO  o.a.m.s.f.DefaultMavenResourcesFiltering - skip non existing resourceDirectory C:\Users\1-20\Desktop\FISA_1st_mini_Project\Project\BeMyFriend\src\test\resources
2025-07-04 16:58:19,999 [Worker-55: Building] ERROR o.e.m.c.i.URLConnectionCaches - Unexpected URLConnection defaultUseCaches enabled
2025-07-04 16:58:20,008 [Worker-55: Building] WARN  o.a.m.s.f.DefaultMavenResourcesFiltering - Using platform encoding (UTF-8 actually) to copy filtered resources, i.e. build is platform dependent!
2025-07-04 16:58:20,011 [Worker-55: Building] INFO  o.a.m.s.f.DefaultMavenResourcesFiltering - skip non existing resourceDirectory C:\Users\1-20\Desktop\FISA_1st_mini_Project\Project\BeMyFriend\src\main\resources
2025-07-04 16:58:20,017 [Worker-55: Building] WARN  o.a.m.s.f.DefaultMavenResourcesFiltering - Using platform encoding (UTF-8 actually) to copy filtered resources, i.e. build is platform dependent!
2025-07-04 16:58:20,018 [Worker-55: Building] INFO  o.a.m.s.f.DefaultMavenResourcesFiltering - skip non existing resourceDirectory C:\Users\1-20\Desktop\FISA_1st_mini_Project\Project\BeMyFriend\src\test\resources
2025-07-04 17:00:30,063 [Worker-51: Building] ERROR o.e.m.c.i.URLConnectionCaches - Unexpected URLConnection defaultUseCaches enabled
2025-07-04 17:00:30,068 [Worker-51: Building] WARN  o.a.m.s.f.DefaultMavenResourcesFiltering - Using platform encoding (UTF-8 actually) to copy filtered resources, i.e. build is platform dependent!
2025-07-04 17:00:30,068 [Worker-51: Building] INFO  o.a.m.s.f.DefaultMavenResourcesFiltering - skip non existing resourceDirectory C:\Users\1-20\Desktop\FISA_1st_mini_Project\Project\BeMyFriend\src\main\resources
2025-07-04 17:00:30,070 [Worker-51: Building] WARN  o.a.m.s.f.DefaultMavenResourcesFiltering - Using platform encoding (UTF-8 actually) to copy filtered resources, i.e. build is platform dependent!
2025-07-04 17:00:30,071 [Worker-51: Building] INFO  o.a.m.s.f.DefaultMavenResourcesFiltering - skip non existing resourceDirectory C:\Users\1-20\Desktop\FISA_1st_mini_Project\Project\BeMyFriend\src\test\resources
2025-07-04 17:00:41,509 [Worker-47: Building] ERROR o.e.m.c.i.URLConnectionCaches - Unexpected URLConnection defaultUseCaches enabled
2025-07-04 17:00:41,514 [Worker-47: Building] WARN  o.a.m.s.f.DefaultMavenResourcesFiltering - Using platform encoding (UTF-8 actually) to copy filtered resources, i.e. build is platform dependent!
2025-07-04 17:00:41,515 [Worker-47: Building] INFO  o.a.m.s.f.DefaultMavenResourcesFiltering - skip non existing resourceDirectory C:\Users\1-20\Desktop\FISA_1st_mini_Project\Project\BeMyFriend\src\main\resources
2025-07-04 17:00:41,517 [Worker-47: Building] WARN  o.a.m.s.f.DefaultMavenResourcesFiltering - Using platform encoding (UTF-8 actually) to copy filtered resources, i.e. build is platform dependent!
2025-07-04 17:00:41,518 [Worker-47: Building] INFO  o.a.m.s.f.DefaultMavenResourcesFiltering - skip non existing resourceDirectory C:\Users\1-20\Desktop\FISA_1st_mini_Project\Project\BeMyFriend\src\test\resources
2025-07-04 17:02:26,185 [Worker-50: Building] ERROR o.e.m.c.i.URLConnectionCaches - Unexpected URLConnection defaultUseCaches enabled
2025-07-04 17:02:26,188 [Worker-50: Building] WARN  o.a.m.s.f.DefaultMavenResourcesFiltering - Using platform encoding (UTF-8 actually) to copy filtered resources, i.e. build is platform dependent!
2025-07-04 17:02:26,189 [Worker-50: Building] INFO  o.a.m.s.f.DefaultMavenResourcesFiltering - skip non existing resourceDirectory C:\Users\1-20\Desktop\FISA_1st_mini_Project\Project\BeMyFriend\src\main\resources
2025-07-04 17:02:26,190 [Worker-50: Building] WARN  o.a.m.s.f.DefaultMavenResourcesFiltering - Using platform encoding (UTF-8 actually) to copy filtered resources, i.e. build is platform dependent!
2025-07-04 17:02:26,191 [Worker-50: Building] INFO  o.a.m.s.f.DefaultMavenResourcesFiltering - skip non existing resourceDirectory C:\Users\1-20\Desktop\FISA_1st_mini_Project\Project\BeMyFriend\src\test\resources
2025-07-04 17:02:56,556 [Worker-46: Building] ERROR o.e.m.c.i.URLConnectionCaches - Unexpected URLConnection defaultUseCaches enabled
2025-07-04 17:02:56,559 [Worker-46: Building] WARN  o.a.m.s.f.DefaultMavenResourcesFiltering - Using platform encoding (UTF-8 actually) to copy filtered resources, i.e. build is platform dependent!
2025-07-04 17:02:56,559 [Worker-46: Building] INFO  o.a.m.s.f.DefaultMavenResourcesFiltering - skip non existing resourceDirectory C:\Users\1-20\Desktop\FISA_1st_mini_Project\Project\BeMyFriend\src\main\resources
2025-07-04 17:02:56,562 [Worker-46: Building] WARN  o.a.m.s.f.DefaultMavenResourcesFiltering - Using platform encoding (UTF-8 actually) to copy filtered resources, i.e. build is platform dependent!
2025-07-04 17:02:56,563 [Worker-46: Building] INFO  o.a.m.s.f.DefaultMavenResourcesFiltering - skip non existing resourceDirectory C:\Users\1-20\Desktop\FISA_1st_mini_Project\Project\BeMyFriend\src\test\resources
2025-07-04 17:03:21,045 [Worker-55: Building] ERROR o.e.m.c.i.URLConnectionCaches - Unexpected URLConnection defaultUseCaches enabled
2025-07-04 17:03:21,047 [Worker-55: Building] WARN  o.a.m.s.f.DefaultMavenResourcesFiltering - Using platform encoding (UTF-8 actually) to copy filtered resources, i.e. build is platform dependent!
2025-07-04 17:03:21,048 [Worker-55: Building] INFO  o.a.m.s.f.DefaultMavenResourcesFiltering - skip non existing resourceDirectory C:\Users\1-20\Desktop\FISA_1st_mini_Project\Project\BeMyFriend\src\main\resources
2025-07-04 17:03:21,049 [Worker-55: Building] WARN  o.a.m.s.f.DefaultMavenResourcesFiltering - Using platform encoding (UTF-8 actually) to copy filtered resources, i.e. build is platform dependent!
2025-07-04 17:03:21,050 [Worker-55: Building] INFO  o.a.m.s.f.DefaultMavenResourcesFiltering - skip non existing resourceDirectory C:\Users\1-20\Desktop\FISA_1st_mini_Project\Project\BeMyFriend\src\test\resources
2025-07-04 17:03:38,109 [Worker-49: Building] ERROR o.e.m.c.i.URLConnectionCaches - Unexpected URLConnection defaultUseCaches enabled
2025-07-04 17:03:38,115 [Worker-49: Building] WARN  o.a.m.s.f.DefaultMavenResourcesFiltering - Using platform encoding (UTF-8 actually) to copy filtered resources, i.e. build is platform dependent!
2025-07-04 17:03:38,117 [Worker-49: Building] INFO  o.a.m.s.f.DefaultMavenResourcesFiltering - skip non existing resourceDirectory C:\Users\1-20\Desktop\FISA_1st_mini_Project\Project\BeMyFriend\src\main\resources
2025-07-04 17:03:38,125 [Worker-49: Building] WARN  o.a.m.s.f.DefaultMavenResourcesFiltering - Using platform encoding (UTF-8 actually) to copy filtered resources, i.e. build is platform dependent!
2025-07-04 17:03:38,126 [Worker-49: Building] INFO  o.a.m.s.f.DefaultMavenResourcesFiltering - skip non existing resourceDirectory C:\Users\1-20\Desktop\FISA_1st_mini_Project\Project\BeMyFriend\src\test\resources
2025-07-04 17:08:35,457 [Worker-49: Building] ERROR o.e.m.c.i.URLConnectionCaches - Unexpected URLConnection defaultUseCaches enabled
2025-07-04 17:08:35,459 [Worker-49: Building] WARN  o.a.m.s.f.DefaultMavenResourcesFiltering - Using platform encoding (UTF-8 actually) to copy filtered resources, i.e. build is platform dependent!
2025-07-04 17:08:35,460 [Worker-49: Building] INFO  o.a.m.s.f.DefaultMavenResourcesFiltering - skip non existing resourceDirectory C:\Users\1-20\Desktop\FISA_1st_mini_Project\Project\BeMyFriend\src\main\resources
2025-07-04 17:08:35,462 [Worker-49: Building] WARN  o.a.m.s.f.DefaultMavenResourcesFiltering - Using platform encoding (UTF-8 actually) to copy filtered resources, i.e. build is platform dependent!
2025-07-04 17:08:35,463 [Worker-49: Building] INFO  o.a.m.s.f.DefaultMavenResourcesFiltering - skip non existing resourceDirectory C:\Users\1-20\Desktop\FISA_1st_mini_Project\Project\BeMyFriend\src\test\resources
2025-07-04 17:09:50,146 [Worker-56: Building] ERROR o.e.m.c.i.URLConnectionCaches - Unexpected URLConnection defaultUseCaches enabled
2025-07-04 17:10:46,778 [Worker-47: Building] ERROR o.e.m.c.i.URLConnectionCaches - Unexpected URLConnection defaultUseCaches enabled
2025-07-04 17:10:46,781 [Worker-47: Building] WARN  o.a.m.s.f.DefaultMavenResourcesFiltering - Using platform encoding (UTF-8 actually) to copy filtered resources, i.e. build is platform dependent!
2025-07-04 17:10:46,781 [Worker-47: Building] INFO  o.a.m.s.f.DefaultMavenResourcesFiltering - skip non existing resourceDirectory C:\Users\1-20\Desktop\FISA_1st_mini_Project\Project\BeMyFriend\src\main\resources
2025-07-04 17:10:46,784 [Worker-47: Building] WARN  o.a.m.s.f.DefaultMavenResourcesFiltering - Using platform encoding (UTF-8 actually) to copy filtered resources, i.e. build is platform dependent!
2025-07-04 17:10:46,784 [Worker-47: Building] INFO  o.a.m.s.f.DefaultMavenResourcesFiltering - skip non existing resourceDirectory C:\Users\1-20\Desktop\FISA_1st_mini_Project\Project\BeMyFriend\src\test\resources
2025-07-04 17:13:47,766 [Worker-47: Building] ERROR o.e.m.c.i.URLConnectionCaches - Unexpected URLConnection defaultUseCaches enabled
2025-07-04 17:13:47,771 [Worker-47: Building] WARN  o.a.m.s.f.DefaultMavenResourcesFiltering - Using platform encoding (UTF-8 actually) to copy filtered resources, i.e. build is platform dependent!
2025-07-04 17:13:47,773 [Worker-47: Building] INFO  o.a.m.s.f.DefaultMavenResourcesFiltering - skip non existing resourceDirectory C:\Users\1-20\Desktop\FISA_1st_mini_Project\Project\BeMyFriend\src\main\resources
2025-07-04 17:13:47,774 [Worker-47: Building] WARN  o.a.m.s.f.DefaultMavenResourcesFiltering - Using platform encoding (UTF-8 actually) to copy filtered resources, i.e. build is platform dependent!
2025-07-04 17:13:47,774 [Worker-47: Building] INFO  o.a.m.s.f.DefaultMavenResourcesFiltering - skip non existing resourceDirectory C:\Users\1-20\Desktop\FISA_1st_mini_Project\Project\BeMyFriend\src\test\resources
2025-07-04 17:15:23,051 [Worker-50: Building] ERROR o.e.m.c.i.URLConnectionCaches - Unexpected URLConnection defaultUseCaches enabled
2025-07-04 17:15:23,056 [Worker-50: Building] WARN  o.a.m.s.f.DefaultMavenResourcesFiltering - Using platform encoding (UTF-8 actually) to copy filtered resources, i.e. build is platform dependent!
2025-07-04 17:15:23,057 [Worker-50: Building] INFO  o.a.m.s.f.DefaultMavenResourcesFiltering - skip non existing resourceDirectory C:\Users\1-20\Desktop\FISA_1st_mini_Project\Project\BeMyFriend\src\main\resources
2025-07-04 17:15:23,059 [Worker-50: Building] WARN  o.a.m.s.f.DefaultMavenResourcesFiltering - Using platform encoding (UTF-8 actually) to copy filtered resources, i.e. build is platform dependent!
2025-07-04 17:15:23,060 [Worker-50: Building] INFO  o.a.m.s.f.DefaultMavenResourcesFiltering - skip non existing resourceDirectory C:\Users\1-20\Desktop\FISA_1st_mini_Project\Project\BeMyFriend\src\test\resources
2025-07-04 17:16:32,501 [Worker-55: Building] ERROR o.e.m.c.i.URLConnectionCaches - Unexpected URLConnection defaultUseCaches enabled
2025-07-04 17:16:32,504 [Worker-55: Building] WARN  o.a.m.s.f.DefaultMavenResourcesFiltering - Using platform encoding (UTF-8 actually) to copy filtered resources, i.e. build is platform dependent!
2025-07-04 17:16:32,505 [Worker-55: Building] INFO  o.a.m.s.f.DefaultMavenResourcesFiltering - skip non existing resourceDirectory C:\Users\1-20\Desktop\FISA_1st_mini_Project\Project\BeMyFriend\src\main\resources
2025-07-04 17:16:32,507 [Worker-55: Building] WARN  o.a.m.s.f.DefaultMavenResourcesFiltering - Using platform encoding (UTF-8 actually) to copy filtered resources, i.e. build is platform dependent!
2025-07-04 17:16:32,508 [Worker-55: Building] INFO  o.a.m.s.f.DefaultMavenResourcesFiltering - skip non existing resourceDirectory C:\Users\1-20\Desktop\FISA_1st_mini_Project\Project\BeMyFriend\src\test\resources
2025-07-04 17:16:56,283 [Worker-50: Building] ERROR o.e.m.c.i.URLConnectionCaches - Unexpected URLConnection defaultUseCaches enabled
2025-07-04 17:16:56,287 [Worker-50: Building] WARN  o.a.m.s.f.DefaultMavenResourcesFiltering - Using platform encoding (UTF-8 actually) to copy filtered resources, i.e. build is platform dependent!
2025-07-04 17:16:56,288 [Worker-50: Building] INFO  o.a.m.s.f.DefaultMavenResourcesFiltering - skip non existing resourceDirectory C:\Users\1-20\Desktop\FISA_1st_mini_Project\Project\BeMyFriend\src\main\resources
2025-07-04 17:16:56,291 [Worker-50: Building] WARN  o.a.m.s.f.DefaultMavenResourcesFiltering - Using platform encoding (UTF-8 actually) to copy filtered resources, i.e. build is platform dependent!
2025-07-04 17:16:56,292 [Worker-50: Building] INFO  o.a.m.s.f.DefaultMavenResourcesFiltering - skip non existing resourceDirectory C:\Users\1-20\Desktop\FISA_1st_mini_Project\Project\BeMyFriend\src\test\resources
2025-07-04 17:19:51,433 [Worker-54: Building] ERROR o.e.m.c.i.URLConnectionCaches - Unexpected URLConnection defaultUseCaches enabled
2025-07-04 17:19:51,437 [Worker-54: Building] WARN  o.a.m.s.f.DefaultMavenResourcesFiltering - Using platform encoding (UTF-8 actually) to copy filtered resources, i.e. build is platform dependent!
2025-07-04 17:19:51,438 [Worker-54: Building] INFO  o.a.m.s.f.DefaultMavenResourcesFiltering - skip non existing resourceDirectory C:\Users\1-20\Desktop\FISA_1st_mini_Project\Project\BeMyFriend\src\main\resources
2025-07-04 17:19:51,439 [Worker-54: Building] WARN  o.a.m.s.f.DefaultMavenResourcesFiltering - Using platform encoding (UTF-8 actually) to copy filtered resources, i.e. build is platform dependent!
2025-07-04 17:19:51,440 [Worker-54: Building] INFO  o.a.m.s.f.DefaultMavenResourcesFiltering - skip non existing resourceDirectory C:\Users\1-20\Desktop\FISA_1st_mini_Project\Project\BeMyFriend\src\test\resources
2025-07-04 17:21:43,931 [Worker-52: Building] ERROR o.e.m.c.i.URLConnectionCaches - Unexpected URLConnection defaultUseCaches enabled
2025-07-04 17:21:43,941 [Worker-52: Building] WARN  o.a.m.s.f.DefaultMavenResourcesFiltering - Using platform encoding (UTF-8 actually) to copy filtered resources, i.e. build is platform dependent!
2025-07-04 17:21:43,943 [Worker-52: Building] INFO  o.a.m.s.f.DefaultMavenResourcesFiltering - skip non existing resourceDirectory C:\Users\1-20\Desktop\FISA_1st_mini_Project\Project\BeMyFriend\src\main\resources
2025-07-04 17:21:43,948 [Worker-52: Building] WARN  o.a.m.s.f.DefaultMavenResourcesFiltering - Using platform encoding (UTF-8 actually) to copy filtered resources, i.e. build is platform dependent!
2025-07-04 17:21:43,950 [Worker-52: Building] INFO  o.a.m.s.f.DefaultMavenResourcesFiltering - skip non existing resourceDirectory C:\Users\1-20\Desktop\FISA_1st_mini_Project\Project\BeMyFriend\src\test\resources
2025-07-04 17:24:27,940 [Worker-52: Building] ERROR o.e.m.c.i.URLConnectionCaches - Unexpected URLConnection defaultUseCaches enabled
2025-07-04 17:24:27,945 [Worker-52: Building] WARN  o.a.m.s.f.DefaultMavenResourcesFiltering - Using platform encoding (UTF-8 actually) to copy filtered resources, i.e. build is platform dependent!
2025-07-04 17:24:27,947 [Worker-52: Building] INFO  o.a.m.s.f.DefaultMavenResourcesFiltering - skip non existing resourceDirectory C:\Users\1-20\Desktop\FISA_1st_mini_Project\Project\BeMyFriend\src\main\resources
2025-07-04 17:24:27,953 [Worker-52: Building] WARN  o.a.m.s.f.DefaultMavenResourcesFiltering - Using platform encoding (UTF-8 actually) to copy filtered resources, i.e. build is platform dependent!
2025-07-04 17:24:27,955 [Worker-52: Building] INFO  o.a.m.s.f.DefaultMavenResourcesFiltering - skip non existing resourceDirectory C:\Users\1-20\Desktop\FISA_1st_mini_Project\Project\BeMyFriend\src\test\resources
2025-07-04 17:25:06,220 [Worker-50: Building] ERROR o.e.m.c.i.URLConnectionCaches - Unexpected URLConnection defaultUseCaches enabled
2025-07-04 17:25:06,224 [Worker-50: Building] WARN  o.a.m.s.f.DefaultMavenResourcesFiltering - Using platform encoding (UTF-8 actually) to copy filtered resources, i.e. build is platform dependent!
2025-07-04 17:25:06,226 [Worker-50: Building] INFO  o.a.m.s.f.DefaultMavenResourcesFiltering - skip non existing resourceDirectory C:\Users\1-20\Desktop\FISA_1st_mini_Project\Project\BeMyFriend\src\main\resources
2025-07-04 17:25:06,229 [Worker-50: Building] WARN  o.a.m.s.f.DefaultMavenResourcesFiltering - Using platform encoding (UTF-8 actually) to copy filtered resources, i.e. build is platform dependent!
2025-07-04 17:25:06,230 [Worker-50: Building] INFO  o.a.m.s.f.DefaultMavenResourcesFiltering - skip non existing resourceDirectory C:\Users\1-20\Desktop\FISA_1st_mini_Project\Project\BeMyFriend\src\test\resources
2025-07-04 17:25:25,769 [Worker-46: Building] ERROR o.e.m.c.i.URLConnectionCaches - Unexpected URLConnection defaultUseCaches enabled
2025-07-04 17:25:25,772 [Worker-46: Building] WARN  o.a.m.s.f.DefaultMavenResourcesFiltering - Using platform encoding (UTF-8 actually) to copy filtered resources, i.e. build is platform dependent!
2025-07-04 17:25:25,773 [Worker-46: Building] INFO  o.a.m.s.f.DefaultMavenResourcesFiltering - skip non existing resourceDirectory C:\Users\1-20\Desktop\FISA_1st_mini_Project\Project\BeMyFriend\src\main\resources
2025-07-04 17:25:25,775 [Worker-46: Building] WARN  o.a.m.s.f.DefaultMavenResourcesFiltering - Using platform encoding (UTF-8 actually) to copy filtered resources, i.e. build is platform dependent!
2025-07-04 17:25:25,777 [Worker-46: Building] INFO  o.a.m.s.f.DefaultMavenResourcesFiltering - skip non existing resourceDirectory C:\Users\1-20\Desktop\FISA_1st_mini_Project\Project\BeMyFriend\src\test\resources
2025-07-04 17:27:18,246 [Worker-46: Building] ERROR o.e.m.c.i.URLConnectionCaches - Unexpected URLConnection defaultUseCaches enabled
2025-07-04 17:27:18,250 [Worker-46: Building] WARN  o.a.m.s.f.DefaultMavenResourcesFiltering - Using platform encoding (UTF-8 actually) to copy filtered resources, i.e. build is platform dependent!
2025-07-04 17:27:18,252 [Worker-46: Building] INFO  o.a.m.s.f.DefaultMavenResourcesFiltering - skip non existing resourceDirectory C:\Users\1-20\Desktop\FISA_1st_mini_Project\Project\BeMyFriend\src\main\resources
2025-07-04 17:27:18,255 [Worker-46: Building] WARN  o.a.m.s.f.DefaultMavenResourcesFiltering - Using platform encoding (UTF-8 actually) to copy filtered resources, i.e. build is platform dependent!
2025-07-04 17:27:18,258 [Worker-46: Building] INFO  o.a.m.s.f.DefaultMavenResourcesFiltering - skip non existing resourceDirectory C:\Users\1-20\Desktop\FISA_1st_mini_Project\Project\BeMyFriend\src\test\resources
2025-07-04 17:27:34,330 [Worker-54: Building] ERROR o.e.m.c.i.URLConnectionCaches - Unexpected URLConnection defaultUseCaches enabled
2025-07-04 17:27:34,336 [Worker-54: Building] WARN  o.a.m.s.f.DefaultMavenResourcesFiltering - Using platform encoding (UTF-8 actually) to copy filtered resources, i.e. build is platform dependent!
2025-07-04 17:27:34,338 [Worker-54: Building] INFO  o.a.m.s.f.DefaultMavenResourcesFiltering - skip non existing resourceDirectory C:\Users\1-20\Desktop\FISA_1st_mini_Project\Project\BeMyFriend\src\main\resources
2025-07-04 17:27:34,340 [Worker-54: Building] WARN  o.a.m.s.f.DefaultMavenResourcesFiltering - Using platform encoding (UTF-8 actually) to copy filtered resources, i.e. build is platform dependent!
2025-07-04 17:27:34,340 [Worker-54: Building] INFO  o.a.m.s.f.DefaultMavenResourcesFiltering - skip non existing resourceDirectory C:\Users\1-20\Desktop\FISA_1st_mini_Project\Project\BeMyFriend\src\test\resources
2025-07-04 17:28:37,459 [Worker-56: Launching StartView] ERROR o.e.m.c.i.URLConnectionCaches - Unexpected URLConnection defaultUseCaches enabled
2025-07-04 17:28:37,460 [Worker-56: Launching StartView] WARN  o.a.m.s.f.DefaultMavenResourcesFiltering - Using platform encoding (UTF-8 actually) to copy filtered resources, i.e. build is platform dependent!
2025-07-04 17:28:37,460 [Worker-56: Launching StartView] INFO  o.a.m.s.f.DefaultMavenResourcesFiltering - skip non existing resourceDirectory C:\Users\1-20\Desktop\FISA_1st_mini_Project\Project\BeMyFriend\src\main\resources
2025-07-04 17:28:37,462 [Worker-56: Launching StartView] WARN  o.a.m.s.f.DefaultMavenResourcesFiltering - Using platform encoding (UTF-8 actually) to copy filtered resources, i.e. build is platform dependent!
2025-07-04 17:28:37,463 [Worker-56: Launching StartView] INFO  o.a.m.s.f.DefaultMavenResourcesFiltering - skip non existing resourceDirectory C:\Users\1-20\Desktop\FISA_1st_mini_Project\Project\BeMyFriend\src\test\resources
2025-07-04 17:29:50,237 [Worker-46: Building] ERROR o.e.m.c.i.URLConnectionCaches - Unexpected URLConnection defaultUseCaches enabled
2025-07-04 17:29:50,239 [Worker-46: Building] WARN  o.a.m.s.f.DefaultMavenResourcesFiltering - Using platform encoding (UTF-8 actually) to copy filtered resources, i.e. build is platform dependent!
2025-07-04 17:29:50,240 [Worker-46: Building] INFO  o.a.m.s.f.DefaultMavenResourcesFiltering - skip non existing resourceDirectory C:\Users\1-20\Desktop\FISA_1st_mini_Project\Project\BeMyFriend\src\main\resources
2025-07-04 17:29:50,240 [Worker-46: Building] WARN  o.a.m.s.f.DefaultMavenResourcesFiltering - Using platform encoding (UTF-8 actually) to copy filtered resources, i.e. build is platform dependent!
2025-07-04 17:29:50,242 [Worker-46: Building] INFO  o.a.m.s.f.DefaultMavenResourcesFiltering - skip non existing resourceDirectory C:\Users\1-20\Desktop\FISA_1st_mini_Project\Project\BeMyFriend\src\test\resources
2025-07-04 17:30:12,139 [Worker-54: Building] ERROR o.e.m.c.i.URLConnectionCaches - Unexpected URLConnection defaultUseCaches enabled
2025-07-04 17:30:12,142 [Worker-54: Building] WARN  o.a.m.s.f.DefaultMavenResourcesFiltering - Using platform encoding (UTF-8 actually) to copy filtered resources, i.e. build is platform dependent!
2025-07-04 17:30:12,142 [Worker-54: Building] INFO  o.a.m.s.f.DefaultMavenResourcesFiltering - skip non existing resourceDirectory C:\Users\1-20\Desktop\FISA_1st_mini_Project\Project\BeMyFriend\src\main\resources
2025-07-04 17:30:12,145 [Worker-54: Building] WARN  o.a.m.s.f.DefaultMavenResourcesFiltering - Using platform encoding (UTF-8 actually) to copy filtered resources, i.e. build is platform dependent!
2025-07-04 17:30:12,145 [Worker-54: Building] INFO  o.a.m.s.f.DefaultMavenResourcesFiltering - skip non existing resourceDirectory C:\Users\1-20\Desktop\FISA_1st_mini_Project\Project\BeMyFriend\src\test\resources
2025-07-04 18:02:38,198 [Worker-54: Building] ERROR o.e.m.c.i.URLConnectionCaches - Unexpected URLConnection defaultUseCaches enabled
2025-07-04 18:02:38,199 [Worker-54: Building] WARN  o.a.m.s.f.DefaultMavenResourcesFiltering - Using platform encoding (UTF-8 actually) to copy filtered resources, i.e. build is platform dependent!
2025-07-04 18:02:38,201 [Worker-54: Building] INFO  o.a.m.s.f.DefaultMavenResourcesFiltering - skip non existing resourceDirectory C:\Users\1-20\Desktop\FISA_1st_mini_Project\Project\BeMyFriend\src\main\resources
2025-07-04 18:02:38,201 [Worker-54: Building] WARN  o.a.m.s.f.DefaultMavenResourcesFiltering - Using platform encoding (UTF-8 actually) to copy filtered resources, i.e. build is platform dependent!
2025-07-04 18:02:38,201 [Worker-54: Building] INFO  o.a.m.s.f.DefaultMavenResourcesFiltering - skip non existing resourceDirectory C:\Users\1-20\Desktop\FISA_1st_mini_Project\Project\BeMyFriend\src\test\resources
2025-07-04 18:04:14,845 [Worker-52: Building] ERROR o.e.m.c.i.URLConnectionCaches - Unexpected URLConnection defaultUseCaches enabled
2025-07-04 18:04:14,849 [Worker-52: Building] WARN  o.a.m.s.f.DefaultMavenResourcesFiltering - Using platform encoding (UTF-8 actually) to copy filtered resources, i.e. build is platform dependent!
2025-07-04 18:04:14,851 [Worker-52: Building] INFO  o.a.m.s.f.DefaultMavenResourcesFiltering - skip non existing resourceDirectory C:\Users\1-20\Desktop\FISA_1st_mini_Project\Project\BeMyFriend\src\main\resources
2025-07-04 18:04:14,853 [Worker-52: Building] WARN  o.a.m.s.f.DefaultMavenResourcesFiltering - Using platform encoding (UTF-8 actually) to copy filtered resources, i.e. build is platform dependent!
2025-07-04 18:04:14,853 [Worker-52: Building] INFO  o.a.m.s.f.DefaultMavenResourcesFiltering - skip non existing resourceDirectory C:\Users\1-20\Desktop\FISA_1st_mini_Project\Project\BeMyFriend\src\test\resources
2025-07-04 18:09:25,045 [Worker-56: Building] ERROR o.e.m.c.i.URLConnectionCaches - Unexpected URLConnection defaultUseCaches enabled
2025-07-04 18:09:25,051 [Worker-56: Building] WARN  o.a.m.s.f.DefaultMavenResourcesFiltering - Using platform encoding (UTF-8 actually) to copy filtered resources, i.e. build is platform dependent!
2025-07-04 18:09:25,053 [Worker-56: Building] INFO  o.a.m.s.f.DefaultMavenResourcesFiltering - skip non existing resourceDirectory C:\Users\1-20\Desktop\FISA_1st_mini_Project\Project\BeMyFriend\src\main\resources
2025-07-04 18:09:25,056 [Worker-56: Building] WARN  o.a.m.s.f.DefaultMavenResourcesFiltering - Using platform encoding (UTF-8 actually) to copy filtered resources, i.e. build is platform dependent!
2025-07-04 18:09:25,057 [Worker-56: Building] INFO  o.a.m.s.f.DefaultMavenResourcesFiltering - skip non existing resourceDirectory C:\Users\1-20\Desktop\FISA_1st_mini_Project\Project\BeMyFriend\src\test\resources
2025-07-04 18:10:28,590 [Worker-52: Building] ERROR o.e.m.c.i.URLConnectionCaches - Unexpected URLConnection defaultUseCaches enabled
2025-07-04 18:10:28,591 [Worker-52: Building] WARN  o.a.m.s.f.DefaultMavenResourcesFiltering - Using platform encoding (UTF-8 actually) to copy filtered resources, i.e. build is platform dependent!
2025-07-04 18:10:28,592 [Worker-52: Building] INFO  o.a.m.s.f.DefaultMavenResourcesFiltering - skip non existing resourceDirectory C:\Users\1-20\Desktop\FISA_1st_mini_Project\Project\BeMyFriend\src\main\resources
2025-07-04 18:10:28,593 [Worker-52: Building] WARN  o.a.m.s.f.DefaultMavenResourcesFiltering - Using platform encoding (UTF-8 actually) to copy filtered resources, i.e. build is platform dependent!
2025-07-04 18:10:28,595 [Worker-52: Building] INFO  o.a.m.s.f.DefaultMavenResourcesFiltering - skip non existing resourceDirectory C:\Users\1-20\Desktop\FISA_1st_mini_Project\Project\BeMyFriend\src\test\resources
2025-07-04 18:10:30,079 [Worker-47: Launching StartView] ERROR o.e.m.c.i.URLConnectionCaches - Unexpected URLConnection defaultUseCaches enabled
2025-07-04 18:11:42,212 [Worker-55: Building] ERROR o.e.m.c.i.URLConnectionCaches - Unexpected URLConnection defaultUseCaches enabled
2025-07-04 18:11:42,215 [Worker-55: Building] WARN  o.a.m.s.f.DefaultMavenResourcesFiltering - Using platform encoding (UTF-8 actually) to copy filtered resources, i.e. build is platform dependent!
2025-07-04 18:11:42,215 [Worker-55: Building] INFO  o.a.m.s.f.DefaultMavenResourcesFiltering - skip non existing resourceDirectory C:\Users\1-20\Desktop\FISA_1st_mini_Project\Project\BeMyFriend\src\main\resources
2025-07-04 18:11:42,218 [Worker-55: Building] WARN  o.a.m.s.f.DefaultMavenResourcesFiltering - Using platform encoding (UTF-8 actually) to copy filtered resources, i.e. build is platform dependent!
2025-07-04 18:11:42,218 [Worker-55: Building] INFO  o.a.m.s.f.DefaultMavenResourcesFiltering - skip non existing resourceDirectory C:\Users\1-20\Desktop\FISA_1st_mini_Project\Project\BeMyFriend\src\test\resources
2025-07-04 18:11:56,039 [Worker-47: Launching StartView] ERROR o.e.m.c.i.URLConnectionCaches - Unexpected URLConnection defaultUseCaches enabled
2025-07-04 18:11:56,042 [Worker-47: Launching StartView] WARN  o.a.m.s.f.DefaultMavenResourcesFiltering - Using platform encoding (UTF-8 actually) to copy filtered resources, i.e. build is platform dependent!
2025-07-04 18:11:56,043 [Worker-47: Launching StartView] INFO  o.a.m.s.f.DefaultMavenResourcesFiltering - skip non existing resourceDirectory C:\Users\1-20\Desktop\FISA_1st_mini_Project\Project\BeMyFriend\src\main\resources
2025-07-04 18:11:56,045 [Worker-47: Launching StartView] WARN  o.a.m.s.f.DefaultMavenResourcesFiltering - Using platform encoding (UTF-8 actually) to copy filtered resources, i.e. build is platform dependent!
2025-07-04 18:11:56,046 [Worker-47: Launching StartView] INFO  o.a.m.s.f.DefaultMavenResourcesFiltering - skip non existing resourceDirectory C:\Users\1-20\Desktop\FISA_1st_mini_Project\Project\BeMyFriend\src\test\resources
2025-07-04 18:15:54,370 [Worker-58: Building] ERROR o.e.m.c.i.URLConnectionCaches - Unexpected URLConnection defaultUseCaches enabled
2025-07-04 18:15:54,374 [Worker-58: Building] WARN  o.a.m.s.f.DefaultMavenResourcesFiltering - Using platform encoding (UTF-8 actually) to copy filtered resources, i.e. build is platform dependent!
2025-07-04 18:15:54,374 [Worker-58: Building] INFO  o.a.m.s.f.DefaultMavenResourcesFiltering - skip non existing resourceDirectory C:\Users\1-20\Desktop\FISA_1st_mini_Project\Project\BeMyFriend\src\main\resources
2025-07-04 18:15:54,376 [Worker-58: Building] WARN  o.a.m.s.f.DefaultMavenResourcesFiltering - Using platform encoding (UTF-8 actually) to copy filtered resources, i.e. build is platform dependent!
2025-07-04 18:15:54,377 [Worker-58: Building] INFO  o.a.m.s.f.DefaultMavenResourcesFiltering - skip non existing resourceDirectory C:\Users\1-20\Desktop\FISA_1st_mini_Project\Project\BeMyFriend\src\test\resources
2025-07-04 18:17:22,676 [Worker-59: Building] ERROR o.e.m.c.i.URLConnectionCaches - Unexpected URLConnection defaultUseCaches enabled
2025-07-04 18:17:22,679 [Worker-59: Building] WARN  o.a.m.s.f.DefaultMavenResourcesFiltering - Using platform encoding (UTF-8 actually) to copy filtered resources, i.e. build is platform dependent!
2025-07-04 18:17:22,680 [Worker-59: Building] INFO  o.a.m.s.f.DefaultMavenResourcesFiltering - skip non existing resourceDirectory C:\Users\1-20\Desktop\FISA_1st_mini_Project\Project\BeMyFriend\src\main\resources
2025-07-04 18:17:22,684 [Worker-59: Building] WARN  o.a.m.s.f.DefaultMavenResourcesFiltering - Using platform encoding (UTF-8 actually) to copy filtered resources, i.e. build is platform dependent!
2025-07-04 18:17:22,685 [Worker-59: Building] INFO  o.a.m.s.f.DefaultMavenResourcesFiltering - skip non existing resourceDirectory C:\Users\1-20\Desktop\FISA_1st_mini_Project\Project\BeMyFriend\src\test\resources
2025-07-04 18:22:20,435 [Worker-57: Building] ERROR o.e.m.c.i.URLConnectionCaches - Unexpected URLConnection defaultUseCaches enabled
2025-07-04 18:22:20,439 [Worker-57: Building] WARN  o.a.m.s.f.DefaultMavenResourcesFiltering - Using platform encoding (UTF-8 actually) to copy filtered resources, i.e. build is platform dependent!
2025-07-04 18:22:20,441 [Worker-57: Building] INFO  o.a.m.s.f.DefaultMavenResourcesFiltering - skip non existing resourceDirectory C:\Users\1-20\Desktop\FISA_1st_mini_Project\Project\BeMyFriend\src\main\resources
2025-07-04 18:22:20,443 [Worker-57: Building] WARN  o.a.m.s.f.DefaultMavenResourcesFiltering - Using platform encoding (UTF-8 actually) to copy filtered resources, i.e. build is platform dependent!
2025-07-04 18:22:20,444 [Worker-57: Building] INFO  o.a.m.s.f.DefaultMavenResourcesFiltering - skip non existing resourceDirectory C:\Users\1-20\Desktop\FISA_1st_mini_Project\Project\BeMyFriend\src\test\resources
2025-07-04 18:23:25,365 [Worker-58: Building] ERROR o.e.m.c.i.URLConnectionCaches - Unexpected URLConnection defaultUseCaches enabled
2025-07-04 18:23:25,370 [Worker-58: Building] WARN  o.a.m.s.f.DefaultMavenResourcesFiltering - Using platform encoding (UTF-8 actually) to copy filtered resources, i.e. build is platform dependent!
2025-07-04 18:23:25,371 [Worker-58: Building] INFO  o.a.m.s.f.DefaultMavenResourcesFiltering - skip non existing resourceDirectory C:\Users\1-20\Desktop\FISA_1st_mini_Project\Project\BeMyFriend\src\main\resources
2025-07-04 18:23:25,373 [Worker-58: Building] WARN  o.a.m.s.f.DefaultMavenResourcesFiltering - Using platform encoding (UTF-8 actually) to copy filtered resources, i.e. build is platform dependent!
2025-07-04 18:23:25,373 [Worker-58: Building] INFO  o.a.m.s.f.DefaultMavenResourcesFiltering - skip non existing resourceDirectory C:\Users\1-20\Desktop\FISA_1st_mini_Project\Project\BeMyFriend\src\test\resources
2025-07-04 18:24:09,142 [Worker-52: Building] ERROR o.e.m.c.i.URLConnectionCaches - Unexpected URLConnection defaultUseCaches enabled
2025-07-04 18:24:09,146 [Worker-52: Building] WARN  o.a.m.s.f.DefaultMavenResourcesFiltering - Using platform encoding (UTF-8 actually) to copy filtered resources, i.e. build is platform dependent!
2025-07-04 18:24:09,146 [Worker-52: Building] INFO  o.a.m.s.f.DefaultMavenResourcesFiltering - skip non existing resourceDirectory C:\Users\1-20\Desktop\FISA_1st_mini_Project\Project\BeMyFriend\src\main\resources
2025-07-04 18:24:09,148 [Worker-52: Building] WARN  o.a.m.s.f.DefaultMavenResourcesFiltering - Using platform encoding (UTF-8 actually) to copy filtered resources, i.e. build is platform dependent!
2025-07-04 18:24:09,149 [Worker-52: Building] INFO  o.a.m.s.f.DefaultMavenResourcesFiltering - skip non existing resourceDirectory C:\Users\1-20\Desktop\FISA_1st_mini_Project\Project\BeMyFriend\src\test\resources
2025-07-04 18:24:58,193 [Worker-46: Launching StartView] ERROR o.e.m.c.i.URLConnectionCaches - Unexpected URLConnection defaultUseCaches enabled
2025-07-04 18:24:58,197 [Worker-46: Launching StartView] WARN  o.a.m.s.f.DefaultMavenResourcesFiltering - Using platform encoding (UTF-8 actually) to copy filtered resources, i.e. build is platform dependent!
2025-07-04 18:24:58,198 [Worker-46: Launching StartView] INFO  o.a.m.s.f.DefaultMavenResourcesFiltering - skip non existing resourceDirectory C:\Users\1-20\Desktop\FISA_1st_mini_Project\Project\BeMyFriend\src\main\resources
2025-07-04 18:24:58,201 [Worker-46: Launching StartView] WARN  o.a.m.s.f.DefaultMavenResourcesFiltering - Using platform encoding (UTF-8 actually) to copy filtered resources, i.e. build is platform dependent!
2025-07-04 18:24:58,203 [Worker-46: Launching StartView] INFO  o.a.m.s.f.DefaultMavenResourcesFiltering - skip non existing resourceDirectory C:\Users\1-20\Desktop\FISA_1st_mini_Project\Project\BeMyFriend\src\test\resources
2025-07-04 18:25:43,998 [Worker-55: Building] ERROR o.e.m.c.i.URLConnectionCaches - Unexpected URLConnection defaultUseCaches enabled
2025-07-04 18:25:44,004 [Worker-55: Building] WARN  o.a.m.s.f.DefaultMavenResourcesFiltering - Using platform encoding (UTF-8 actually) to copy filtered resources, i.e. build is platform dependent!
2025-07-04 18:25:44,006 [Worker-55: Building] INFO  o.a.m.s.f.DefaultMavenResourcesFiltering - skip non existing resourceDirectory C:\Users\1-20\Desktop\FISA_1st_mini_Project\Project\BeMyFriend\src\main\resources
2025-07-04 18:25:44,011 [Worker-55: Building] WARN  o.a.m.s.f.DefaultMavenResourcesFiltering - Using platform encoding (UTF-8 actually) to copy filtered resources, i.e. build is platform dependent!
2025-07-04 18:25:44,015 [Worker-55: Building] INFO  o.a.m.s.f.DefaultMavenResourcesFiltering - skip non existing resourceDirectory C:\Users\1-20\Desktop\FISA_1st_mini_Project\Project\BeMyFriend\src\test\resources
2025-07-04 18:25:50,586 [Worker-46: Building] ERROR o.e.m.c.i.URLConnectionCaches - Unexpected URLConnection defaultUseCaches enabled
2025-07-04 18:25:50,591 [Worker-46: Building] WARN  o.a.m.s.f.DefaultMavenResourcesFiltering - Using platform encoding (UTF-8 actually) to copy filtered resources, i.e. build is platform dependent!
2025-07-04 18:25:50,592 [Worker-46: Building] INFO  o.a.m.s.f.DefaultMavenResourcesFiltering - skip non existing resourceDirectory C:\Users\1-20\Desktop\FISA_1st_mini_Project\Project\BeMyFriend\src\main\resources
2025-07-04 18:25:50,595 [Worker-46: Building] WARN  o.a.m.s.f.DefaultMavenResourcesFiltering - Using platform encoding (UTF-8 actually) to copy filtered resources, i.e. build is platform dependent!
2025-07-04 18:25:50,597 [Worker-46: Building] INFO  o.a.m.s.f.DefaultMavenResourcesFiltering - skip non existing resourceDirectory C:\Users\1-20\Desktop\FISA_1st_mini_Project\Project\BeMyFriend\src\test\resources
2025-07-04 18:26:30,428 [Worker-46: Building] ERROR o.e.m.c.i.URLConnectionCaches - Unexpected URLConnection defaultUseCaches enabled
2025-07-04 18:26:30,433 [Worker-46: Building] WARN  o.a.m.s.f.DefaultMavenResourcesFiltering - Using platform encoding (UTF-8 actually) to copy filtered resources, i.e. build is platform dependent!
2025-07-04 18:26:30,433 [Worker-46: Building] INFO  o.a.m.s.f.DefaultMavenResourcesFiltering - skip non existing resourceDirectory C:\Users\1-20\Desktop\FISA_1st_mini_Project\Project\BeMyFriend\src\main\resources
2025-07-04 18:26:30,435 [Worker-46: Building] WARN  o.a.m.s.f.DefaultMavenResourcesFiltering - Using platform encoding (UTF-8 actually) to copy filtered resources, i.e. build is platform dependent!
2025-07-04 18:26:30,436 [Worker-46: Building] INFO  o.a.m.s.f.DefaultMavenResourcesFiltering - skip non existing resourceDirectory C:\Users\1-20\Desktop\FISA_1st_mini_Project\Project\BeMyFriend\src\test\resources
2025-07-04 18:35:16,083 [Worker-57: Building] ERROR o.e.m.c.i.URLConnectionCaches - Unexpected URLConnection defaultUseCaches enabled
2025-07-04 18:35:16,085 [Worker-57: Building] WARN  o.a.m.s.f.DefaultMavenResourcesFiltering - Using platform encoding (UTF-8 actually) to copy filtered resources, i.e. build is platform dependent!
2025-07-04 18:35:16,086 [Worker-57: Building] INFO  o.a.m.s.f.DefaultMavenResourcesFiltering - skip non existing resourceDirectory C:\Users\1-20\Desktop\FISA_1st_mini_Project\Project\BeMyFriend\src\main\resources
2025-07-04 18:35:16,087 [Worker-57: Building] WARN  o.a.m.s.f.DefaultMavenResourcesFiltering - Using platform encoding (UTF-8 actually) to copy filtered resources, i.e. build is platform dependent!
2025-07-04 18:35:16,087 [Worker-57: Building] INFO  o.a.m.s.f.DefaultMavenResourcesFiltering - skip non existing resourceDirectory C:\Users\1-20\Desktop\FISA_1st_mini_Project\Project\BeMyFriend\src\test\resources
2025-07-04 18:35:53,879 [Worker-46: Building] ERROR o.e.m.c.i.URLConnectionCaches - Unexpected URLConnection defaultUseCaches enabled
2025-07-04 18:35:53,883 [Worker-46: Building] WARN  o.a.m.s.f.DefaultMavenResourcesFiltering - Using platform encoding (UTF-8 actually) to copy filtered resources, i.e. build is platform dependent!
2025-07-04 18:35:53,885 [Worker-46: Building] INFO  o.a.m.s.f.DefaultMavenResourcesFiltering - skip non existing resourceDirectory C:\Users\1-20\Desktop\FISA_1st_mini_Project\Project\BeMyFriend\src\main\resources
2025-07-04 18:35:53,890 [Worker-46: Building] WARN  o.a.m.s.f.DefaultMavenResourcesFiltering - Using platform encoding (UTF-8 actually) to copy filtered resources, i.e. build is platform dependent!
2025-07-04 18:35:53,892 [Worker-46: Building] INFO  o.a.m.s.f.DefaultMavenResourcesFiltering - skip non existing resourceDirectory C:\Users\1-20\Desktop\FISA_1st_mini_Project\Project\BeMyFriend\src\test\resources
2025-07-04 18:36:21,398 [Worker-61: Building] ERROR o.e.m.c.i.URLConnectionCaches - Unexpected URLConnection defaultUseCaches enabled
2025-07-04 18:36:21,403 [Worker-61: Building] WARN  o.a.m.s.f.DefaultMavenResourcesFiltering - Using platform encoding (UTF-8 actually) to copy filtered resources, i.e. build is platform dependent!
2025-07-04 18:36:21,404 [Worker-61: Building] INFO  o.a.m.s.f.DefaultMavenResourcesFiltering - skip non existing resourceDirectory C:\Users\1-20\Desktop\FISA_1st_mini_Project\Project\BeMyFriend\src\main\resources
2025-07-04 18:36:21,409 [Worker-61: Building] WARN  o.a.m.s.f.DefaultMavenResourcesFiltering - Using platform encoding (UTF-8 actually) to copy filtered resources, i.e. build is platform dependent!
2025-07-04 18:36:21,410 [Worker-61: Building] INFO  o.a.m.s.f.DefaultMavenResourcesFiltering - skip non existing resourceDirectory C:\Users\1-20\Desktop\FISA_1st_mini_Project\Project\BeMyFriend\src\test\resources
